core 0: 0x0000000000001000 (0x00000297) auipc t0, 0
core 0: 0x0000000000001004 (0x02028593) addi a1, t0, 32
core 0: 0x0000000000001008 (0xf1402573) csrr a0, mhartid
core 0: 0x000000000000100c (0x0182a283) lw t0, 24(t0)
core 0: 0x0000000000001010 (0x00028067) jr t0
core 0: 0xffffffff80000000 (0x00100e13) li t3, 1
core 0: 0xffffffff80000004 (0x00006193) ori gp, zero, 0
core 0: 0xffffffff80000008 (0x00006213) ori tp, zero, 0
core 0: 0xffffffff8000000c (0x00506293) ori t0, zero, 5
core 0: 0xffffffff80000010 (0x00329093) slli ra, t0, 3
core 0: 0xffffffff80000014 (0x00001117) auipc sp, 1
core 0: 0xffffffff80000018 (0xfec10113) addi sp, sp, -20
core 0: 0xffffffff8000001c (0x00110133) add sp, sp, ra
core 0: 0xffffffff80000020 (0x00012083) lw ra, 0(sp)
core 0: 0xffffffff80000024 (0x00e09093) slli ra, ra, 14
core 0: 0xffffffff80000028 (0x00412103) lw sp, 4(sp)
core 0: 0xffffffff8000002c (0x0020e0b3) or ra, ra, sp
core 0: 0xffffffff80000030 (0x90000137) lui sp, 589824
core 0: 0xffffffff80000034 (0x00112023) sw ra, 0(sp)
core 0: 0xffffffff80000038 (0x00000013) nop
core 0: 0xffffffff8000003c (0x00000013) nop
core 0: 0xffffffff80000040 (0x00000013) nop
core 0: 0xffffffff80000044 (0x00000e13) li t3, 0
core 0: 0xffffffff80000048 (0x00000e13) li t3, 0
core 0: 0xffffffff8000004c (0x00000e13) li t3, 0
core 0: 0xffffffff80000050 (0x00000e13) li t3, 0
core 0: 0xffffffff80000054 (0x00100093) li ra, 1
core 0: 0xffffffff80000058 (0x00100113) li sp, 1
core 0: 0xffffffff8000005c (0x00001097) auipc ra, 1
core 0: 0xffffffff80000060 (0xfe20a223) sw sp, -28(ra)
core 0: 0xffffffff80000064 (0x0000006f) j pc + 0x0
