core          0: 0x0000000080000000 (0x00100e13) addi t3, zero,     1
core          0: 0x0000000080000004 (0x00006193) ori gp, zero,     0
core          0: 0x0000000080000008 (0x00006213) ori tp, zero,     0
core          0: 0x000000008000000c (0x00506293) ori t0, zero,     5
core          0: 0x0000000080000010 (0x00329093) slli ra, t0,     3
core          0: 0x0000000080000014 (0x00001117) auipc sp,       1
core          0: 0x0000000080000018 (0xfec10113) addi sp, sp,   -20
core          0: 0x000000008000001c (0x00110133) add sp, sp, ra
core          0: 0x0000000080000020 (0x00012083) lw ra,     0(sp)
core          0: 0x0000000080000024 (0x00e09093) slli ra, ra,    14
core          0: 0x0000000080000028 (0x00412103) lw sp,     4(sp)
core          0: 0x000000008000002c (0x0020e0b3) or ra, ra, sp
core          0: 0x0000000080000030 (0x90000137) lui sp,  589824
core          0: 0x0000000080000034 (0x00112023) sw ra,     0(sp)
core          0: 0x0000000080000038 (0x00000013) addi zero, zero,     0
core          0: 0x000000008000003c (0x00000013) addi zero, zero,     0
core          0: 0x0000000080000040 (0x00000013) addi zero, zero,     0
core          0: 0x0000000080000054 (0x00100093) addi ra, zero,     1
core          0: 0x0000000080000058 (0x00100113) addi sp, zero,     1
core          0: 0x000000008000005c (0x00001097) auipc ra,       1
core          0: 0x0000000080000060 (0xfe20a223) sw sp,   -28(ra)
core          0: 0x0000000080000064 (0x0000006f) jal zero, pc +        0
