irun(64): 15.20-s030: (c) Copyright 1995-2017 Cadence Design Systems, Inc.
TOOL:	irun(64)	15.20-s030: Started on Apr 24, 2022 at 15:52:17 EDT
irun
	-access +rwc
	-timescale 1ns/100ps
	-shm
	packages/rv32i_types_pkg.sv
	packages/alu_types_pkg.sv
	packages/machine_mode_types_1_11_pkg.sv
	packages/machine_mode_types_pkg.sv
	packages/pipe5_types_pkg.sv
	packages/rv32m_pkg.sv
	-incdir ./include
	standard_core/alu.sv
	standard_core/branch_res.sv
	standard_core/control_unit.sv
	standard_core/dmem_extender.sv
	standard_core/endian_swapper.sv
	standard_core/jump_calc.sv
	standard_core/rv32i_reg_file.sv
	pipelines/pipe5/src/pipe5_fetch1_stage.sv
	pipelines/pipe5/src/pipe5_fetch2_stage.sv
	pipelines/pipe5/src/pipe5_decode_stage.sv
	pipelines/pipe5/src/pipe5_execute_stage.sv
	pipelines/pipe5/src/pipe5_memory_stage.sv
	pipelines/pipe5/src/pipe5_writeback_stage.sv
	pipelines/pipe5/src/pipe5_forwarding_unit.sv
	standard_core/RISCVBusiness.sv
	pipelines/pipe5/src/pipe5_hazard_unit.sv
	standard_core/memory_controller.sv
	caches/caches_wrapper.sv
	caches/pass_through/pass_through_cache.sv
	caches/separate_caches.sv
	tb/tb_RISCVBusiness_self_test.sv
	ram/config_ram_wrapper.sv
	ram/ram_sim_model.sv
	ram/ram_wrapper.sv
	branch_predictors/branch_predictor_wrapper.sv
	branch_predictors/nottaken_predictor/nottaken_predictor.sv
	caches/direct_mapped_tpf/direct_mapped_tpf_cache.sv
	bus_bridges/generic_nonpipeline.sv
	privs/priv_wrapper.sv
	privs/priv_1_11/priv_1_11_block.sv
	privs/priv_1_11/priv_1_11_control.sv
	privs/priv_1_11/priv_1_11_csr_rfile.sv
	privs/priv_1_11/priv_1_11_pipeline_control.sv
	rv32m/divide_unit.sv
	rv32m/mul_csa.sv
	rv32m/mul_fa.sv
	rv32m/multiply_unit.sv
	rv32m/rv32v_divider.sv
	rv32m/rv32v_multiplier.sv
	trackers/branch_tracker.sv
	trackers/cpu_tracker.sv
irun: *E,FILEMIS: Cannot find the provided file rv32m/rv32v_divider.sv.
irun: *E,FILEMIS: Cannot find the provided file rv32m/rv32v_multiplier.sv.
TOOL:	irun(64)	15.20-s030: Exiting on Apr 24, 2022 at 15:52:17 EDT  (total: 00:00:00)
